[2026-04-22 16:05:50] ?벐 寃쎌젣 뉴스 자동 생성???쒖옉?⑸땲?? (2?④퀎 遺꾪븷 생성 紐⑤뱶)
[2026-04-22 16:05:50] 湲곌컙 ?ㅼ젙: ?ㅻ뒛(2026년 04월 22일)
[2026-04-22 16:05:50] ?뵇 理쒓렐 3?쇨컙??釉뚮━???댁슜??분석?섏뿬 以묐났??諛⑹??⑸땲??..
[2026-04-22 16:05:50] ?뱢 ?ㅻ뒛??肄붿뒪??분석 ?寃? ?쒓?珥앹븸 2??湲곗뾽
[2026-04-22 16:05:50] ??Phase 1: ?댁뒋 1~4 諛?肄붿뒪??湲곗뾽 분석 생성 以?..
[2026-04-22 16:05:57] ??Phase 2: ?댁뒋 5~7 諛?留덈Т由?생성 以?..
[2026-04-22 16:06:08] ??理쒖쥌 蹂몃Ц 생성 완료 (珥?湲몄씠: 4371?
[2026-04-22 16:06:08] ??완료: [2026-04-22_Macro_Briefing.md] 媛 ?깃났?곸쑝濡???λ릺?덉뒿?덈떎.
[2026-04-22 16:06:08] ?뱛 ???寃쎈줈: D:\OneDrive - 경상남도교육청\바탕 화면\진해고등학교\2026학년도\antigravity_folder\寃쎌젣뉴스 TXT\2026-04-22_Macro_Briefing.md
[2026-04-22 16:06:14] ??텔레그램 臾몄꽌 생성 알림 ?꾩넚 완료!
[2026-04-22 16:06:14] ?뵒 알림李??ㅽ뻾 (PC: 황요한2026)
[2026-04-22 16:09:27] ?벐 寃쎌젣 뉴스 자동 생성???쒖옉?⑸땲?? (2?④퀎 遺꾪븷 생성 紐⑤뱶)
[2026-04-22 16:09:27] 湲곌컙 ?ㅼ젙: ?ㅻ뒛(2026년 04월 22일)
[2026-04-22 16:09:27] ?뵇 理쒓렐 3?쇨컙??釉뚮━???댁슜??분석?섏뿬 以묐났??諛⑹??⑸땲??..
[2026-04-22 16:09:27] ?뱢 ?ㅻ뒛??肄붿뒪??분석 ?寃? ?쒓?珥앹븸 2??湲곗뾽
[2026-04-22 16:09:27] ??Phase 1: ?댁뒋 1~4 諛?肄붿뒪??湲곗뾽 분석 생성 以?..
[2026-04-22 16:09:36] ??Phase 2: ?댁뒋 5~7 諛?留덈Т由?생성 以?..
[2026-04-22 16:09:46] ??理쒖쥌 蹂몃Ц 생성 완료 (珥?湲몄씠: 4672?
[2026-04-22 16:09:46] ??완료: [2026-04-22_Macro_Briefing.md] 媛 ?깃났?곸쑝濡???λ릺?덉뒿?덈떎.
[2026-04-22 16:09:46] ?뱛 ???寃쎈줈: D:\OneDrive - 경상남도교육청\바탕 화면\진해고등학교\2026학년도\antigravity_folder\寃쎌젣뉴스 TXT\2026-04-22_Macro_Briefing.md
[2026-04-22 16:09:52] ??텔레그램 臾몄꽌 생성 알림 ?꾩넚 완료!
[2026-04-22 16:09:52] ?뵒 알림李??ㅽ뻾 (PC: 황요한2026)
[2026-04-22 16:11:32] ?벐 경제 뉴스 자동 생성 ?쒖옉?⑸땲  (2?④퀎 遺꾪븷 생성 紐⑤뱶)
[2026-04-22 16:11:32] 湲곌컙 ?ㅼ젙: 오늘(2026년 04월 22일)
[2026-04-22 16:11:32] ?뵇 理쒓렐 3?쇨컙 釉뚮━ ?댁슜 분석?섏뿬 以묐났 諛⑹ ⑸땲 ..
[2026-04-22 16:11:32] ?좑툘 怨쇨굅 파일 ?쎄린 실패(2026-04-21_Macro_Briefing.md): 'utf-8' codec can't decode bytes in position 32-33: invalid continuation byte
[2026-04-22 16:11:32] ?좑툘 怨쇨굅 파일 ?쎄린 실패(2026-04-20_Macro_Briefing.md): 'utf-8' codec can't decode bytes in position 32-33: invalid continuation byte
[2026-04-22 16:11:32] ?좑툘 怨쇨굅 파일 ?쎄린 실패(2026-04-17_Macro_Briefing.md): 'utf-8' codec can't decode bytes in position 32-33: invalid continuation byte
[2026-04-22 16:11:32] ?뱢 오늘 肄붿뒪 분석 ?寃? ?쒓?珥앹븸 2 湲곗뾽
[2026-04-22 16:11:32]  Phase 1: ?댁뒋 1~4 諛?肄붿뒪 湲곗뾽 분석 생성 以?..
[2026-04-22 16:11:41]  Phase 2: ?댁뒋 5~7 諛?마무리?생성 以?..
[2026-04-22 16:11:51]  최종 본문 생성 완료 (珥?길이: 4663?
[2026-04-22 16:11:51]  완료: [2026-04-22_Macro_Briefing.md] 媛 ?깃났?곸쑝濡 ?λ릺?덉뒿?덈떎.
[2026-04-22 16:11:51] ?뱛  ?경로: D:\OneDrive - 경상남도교육청\바탕 화면\진해고등학교\2026학년도\antigravity_folder\경제뉴스 TXT\2026-04-22_Macro_Briefing.md
[2026-04-22 16:12:01]  텔레그램 문서 생성 알림 ?꾩넚 완료!
[2026-04-22 16:12:01] ?뵒 알림李 ㅽ뻾 (PC: 황요한2026)
[2026-04-22 16:13:25] 경제 뉴스 자동 생성 시작 (2026년 04월 22일)
[2026-04-22 16:13:46] 텔레그램 알림 전송 완료!
[2026-04-22 16:14:57] 경제 뉴스 자동 생성 시작 (2026년 04월 22일)
[2026-04-22 16:15:19] 텔레그램 알림 전송 완료!
[2026-04-22 16:19:39] 경제 뉴스 자동 생성 시작 (2026년 04월 22일)
[2026-04-22 16:20:17] 텔레그램 알림 전송 완료!
[2026-04-22 16:22:20] 경제 뉴스 자동 생성 시작 (2026년 04월 22일)
[2026-04-22 16:22:50] 텔레그램 알림 전송 완료!
[2026-04-22 16:23:13] 🚀 데일리 경제 뉴스 자동 생성 시작 (2026년 04월 22일)
[2026-04-22 16:23:39] 텔레그램 알림 전송 완료!
[2026-04-23 15:15:07] 🚀 데일리 경제 뉴스 자동 생성 시작 (2026년 04월 23일)
[2026-04-23 15:15:33] 텔레그램 알림 전송 완료!
[2026-04-23 16:13:31] 🚀 데일리 경제 뉴스 자동 생성 시작 (2026년 04월 23일)
[2026-04-23 16:13:54] 텔레그램 전송 실패 (Bot ID: 8799464748): HTTP Error 403: Forbidden
[2026-04-23 16:13:56] 텔레그램 알림 전송 완료! (Bot ID: 8407908239)
[2026-04-24 11:01:51] 🚀 데일리 경제 뉴스 자동 생성 시작 (2026년 04월 24일)
[2026-04-24 11:02:16] 텔레그램 전송 실패 (Bot ID: 8799464748): HTTP Error 403: Forbidden
[2026-04-24 11:02:18] 텔레그램 알림 전송 완료! (Bot ID: 8407908239)
[2026-06-02 08:38:08] 🚀 데일리 경제 뉴스 자동 생성 시작 (2026년 06월 02일)
[2026-06-02 08:38:29] 텔레그램 전송 실패 (Bot ID: 8799464748): HTTP Error 403: Forbidden
[2026-06-02 08:38:31] 텔레그램 알림 전송 완료! (Bot ID: 8407908239)
[2026-06-04 09:25:23] 🚀 데일리 경제 뉴스 자동 생성 시작 (2026년 06월 04일)
[2026-06-04 09:25:44] 텔레그램 전송 실패 (Bot ID: 8799464748): HTTP Error 403: Forbidden
[2026-06-04 09:25:46] 텔레그램 알림 전송 완료! (Bot ID: 8407908239)
