[2026-03-27 10:56:05] 항공권 현재 상태 확인 시작...
[2026-03-27 10:57:01] 아직 예약 가능한 직항 가격이 열리지 않았거나 조건에 부합하지 않습니다. (현재 '결과 없음' 상태)
[2026-03-27 10:57:17] 항공권 현재 상태 확인 시작...
[2026-03-27 10:58:15] 아직 예약 가능한 직항 가격이 열리지 않았거나 조건에 부합하지 않습니다. (현재 '결과 없음' 상태)
[2026-03-27 15:00:01] 항공권 현재 상태 확인 시작...
[2026-03-27 15:01:08] 아직 예약 가능한 직항 가격이 열리지 않았거나 조건에 부합하지 않습니다. (현재 '결과 없음' 상태)
[2026-03-30 09:00:07] 항공권 현재 상태 확인 시작...
[2026-03-30 09:00:48] 아직 예약 가능한 직항 가격이 열리지 않았거나 조건에 부합하지 않습니다. (현재 '결과 없음' 상태)
[2026-03-30 10:00:01] 항공권 현재 상태 확인 시작...
[2026-03-30 10:01:04] 아직 예약 가능한 직항 가격이 열리지 않았거나 조건에 부합하지 않습니다. (현재 '결과 없음' 상태)
[2026-03-30 15:00:02] 항공권 현재 상태 확인 시작...
[2026-03-30 15:01:08] 아직 예약 가능한 직항 가격이 열리지 않았거나 조건에 부합하지 않습니다. (현재 '결과 없음' 상태)
[2026-03-31 09:00:03] 항공권 현재 상태 확인 시작...
[2026-03-31 09:01:10] 아직 예약 가능한 직항 가격이 열리지 않았거나 조건에 부합하지 않습니다. (현재 '결과 없음' 상태)
[2026-03-31 10:00:06] 항공권 현재 상태 확인 시작...
[2026-03-31 10:01:08] 아직 예약 가능한 직항 가격이 열리지 않았거나 조건에 부합하지 않습니다. (현재 '결과 없음' 상태)
[2026-03-31 15:00:06] 항공권 현재 상태 확인 시작...
[2026-03-31 15:01:11] 아직 예약 가능한 직항 가격이 열리지 않았거나 조건에 부합하지 않습니다. (현재 '결과 없음' 상태)
[2026-04-01 09:00:07] 항공권 현재 상태 확인 시작...
[2026-04-01 09:01:13] 아직 예약 가능한 직항 가격이 열리지 않았거나 조건에 부합하지 않습니다. (현재 '결과 없음' 상태)
[2026-04-01 10:00:02] 항공권 현재 상태 확인 시작...
[2026-04-01 10:01:04] 아직 예약 가능한 직항 가격이 열리지 않았거나 조건에 부합하지 않습니다. (현재 '결과 없음' 상태)
[2026-04-01 15:00:03] 항공권 현재 상태 확인 시작...
[2026-04-01 15:00:32] 아직 예약 가능한 직항 가격이 열리지 않았거나 조건에 부합하지 않습니다. (현재 '결과 없음' 상태)
[2026-04-02 10:00:02] 항공권 현재 상태 확인 시작...
[2026-04-02 10:01:09] 아직 예약 가능한 직항 가격이 열리지 않았거나 조건에 부합하지 않습니다. (현재 '결과 없음' 상태)
[2026-04-02 15:00:02] 항공권 현재 상태 확인 시작...
[2026-04-02 15:01:05] 아직 예약 가능한 직항 가격이 열리지 않았거나 조건에 부합하지 않습니다. (현재 '결과 없음' 상태)
[2026-04-03 10:00:02] 항공권 현재 상태 확인 시작...
[2026-04-03 10:00:30] 아직 예약 가능한 직항 가격이 열리지 않았거나 조건에 부합하지 않습니다. (현재 '결과 없음' 상태)
[2026-04-03 15:00:02] 항공권 현재 상태 확인 시작...
[2026-04-03 15:01:06] 아직 예약 가능한 직항 가격이 열리지 않았거나 조건에 부합하지 않습니다. (현재 '결과 없음' 상태)
[2026-04-07 10:10:49] 항공권 현재 상태 확인 시작...
[2026-04-07 15:00:02] 항공권 현재 상태 확인 시작...
[2026-04-07 15:00:32] 아직 예약 가능한 직항 가격이 열리지 않았거나 조건에 부합하지 않습니다. (현재 '결과 없음' 상태)
[2026-04-08 10:00:02] 항공권 현재 상태 확인 시작...
[2026-04-08 10:01:09] 아직 예약 가능한 직항 가격이 열리지 않았거나 조건에 부합하지 않습니다. (현재 '결과 없음' 상태)
[2026-04-08 15:00:03] 항공권 현재 상태 확인 시작...
[2026-04-08 15:01:12] 아직 예약 가능한 직항 가격이 열리지 않았거나 조건에 부합하지 않습니다. (현재 '결과 없음' 상태)
[2026-04-09 10:00:03] 항공권 현재 상태 확인 시작...
[2026-04-09 10:01:11] 아직 예약 가능한 직항 가격이 열리지 않았거나 조건에 부합하지 않습니다. (현재 '결과 없음' 상태)
[2026-04-09 15:00:02] 항공권 현재 상태 확인 시작...
[2026-04-09 15:01:09] 아직 예약 가능한 직항 가격이 열리지 않았거나 조건에 부합하지 않습니다. (현재 '결과 없음' 상태)
[2026-04-10 10:00:02] 항공권 현재 상태 확인 시작...
[2026-04-10 10:00:25] 아직 예약 가능한 직항 가격이 열리지 않았거나 조건에 부합하지 않습니다. (현재 '결과 없음' 상태)
[2026-04-10 15:00:02] 항공권 현재 상태 확인 시작...
[2026-04-10 15:00:28] 오류 발생: Locator.inner_text: Target crashed 
Call log:
  - waiting for locator("html")

[2026-04-13 10:00:02] 항공권 현재 상태 확인 시작...
[2026-04-13 10:01:12] 아직 예약 가능한 직항 가격이 열리지 않았거나 조건에 부합하지 않습니다. (현재 '결과 없음' 상태)
[2026-04-13 15:00:02] 항공권 현재 상태 확인 시작...
[2026-04-13 15:01:02] 아직 예약 가능한 직항 가격이 열리지 않았거나 조건에 부합하지 않습니다. (현재 '결과 없음' 상태)
[2026-04-14 10:00:02] 항공권 현재 상태 확인 시작...
[2026-04-14 10:00:29] 아직 예약 가능한 직항 가격이 열리지 않았거나 조건에 부합하지 않습니다. (현재 '결과 없음' 상태)
[2026-04-14 15:00:02] 항공권 현재 상태 확인 시작...
[2026-04-14 15:00:34] 아직 예약 가능한 직항 가격이 열리지 않았거나 조건에 부합하지 않습니다. (현재 '결과 없음' 상태)
[2026-04-15 10:00:06] 항공권 현재 상태 확인 시작...
[2026-04-15 10:01:15] 아직 예약 가능한 직항 가격이 열리지 않았거나 조건에 부합하지 않습니다. (현재 '결과 없음' 상태)
[2026-04-15 15:00:02] 항공권 현재 상태 확인 시작...
[2026-04-15 15:01:08] 아직 예약 가능한 직항 가격이 열리지 않았거나 조건에 부합하지 않습니다. (현재 '결과 없음' 상태)
[2026-04-16 10:00:02] 항공권 현재 상태 확인 시작...
[2026-04-16 10:01:08] 아직 예약 가능한 직항 가격이 열리지 않았거나 조건에 부합하지 않습니다. (현재 '결과 없음' 상태)
[2026-04-21 10:00:03] 항공권 현재 상태 확인 시작...
[2026-04-21 10:00:37] 아직 예약 가능한 직항 가격이 열리지 않았거나 조건에 부합하지 않습니다. (현재 '결과 없음' 상태)
[2026-04-21 15:00:01] 항공권 현재 상태 확인 시작...
[2026-04-21 15:00:31] 아직 예약 가능한 직항 가격이 열리지 않았거나 조건에 부합하지 않습니다. (현재 '결과 없음' 상태)
[2026-04-22 10:00:05] 항공권 현재 상태 확인 시작...
[2026-04-22 10:01:24] 아직 예약 가능한 직항 가격이 열리지 않았거나 조건에 부합하지 않습니다. (현재 '결과 없음' 상태)
[2026-04-23 10:00:02] 항공권 상태 확인 시작...
[2026-04-23 10:00:42] 아직 예약 가능한 항공권이 없거나 조건에 부합하지 않습니다.
[2026-04-23 15:00:02] 항공권 상태 확인 시작...
[2026-04-23 15:01:09] 아직 예약 가능한 항공권이 없거나 조건에 부합하지 않습니다.
[2026-04-24 10:00:01] 항공권 상태 확인 시작...
[2026-04-24 10:01:12] 아직 예약 가능한 항공권이 없거나 조건에 부합하지 않습니다.
[2026-04-27 10:00:01] 항공권 상태 확인 시작...
[2026-04-27 10:01:08] 아직 예약 가능한 항공권이 없거나 조건에 부합하지 않습니다.
[2026-04-27 15:00:01] 항공권 상태 확인 시작...
[2026-04-27 15:01:07] 아직 예약 가능한 항공권이 없거나 조건에 부합하지 않습니다.
[2026-04-28 10:00:01] 항공권 상태 확인 시작...
[2026-04-28 10:00:25] 아직 예약 가능한 항공권이 없거나 조건에 부합하지 않습니다.
[2026-04-28 15:00:01] 항공권 상태 확인 시작...
[2026-04-28 15:00:22] 아직 예약 가능한 항공권이 없거나 조건에 부합하지 않습니다.
[2026-04-29 10:00:01] 항공권 상태 확인 시작...
[2026-04-29 10:01:08] 아직 예약 가능한 항공권이 없거나 조건에 부합하지 않습니다.
[2026-04-29 15:00:01] 항공권 상태 확인 시작...
[2026-04-29 15:01:06] 아직 예약 가능한 항공권이 없거나 조건에 부합하지 않습니다.
[2026-04-30 10:00:01] 항공권 상태 확인 시작...
[2026-04-30 10:00:24] 아직 예약 가능한 항공권이 없거나 조건에 부합하지 않습니다.
[2026-04-30 15:00:01] 항공권 상태 확인 시작...
[2026-04-30 15:00:44] 아직 예약 가능한 항공권이 없거나 조건에 부합하지 않습니다.
[2026-05-06 10:00:17] 항공권 상태 확인 시작...
[2026-05-06 10:01:09] 아직 예약 가능한 항공권이 없거나 조건에 부합하지 않습니다.
[2026-05-06 15:00:00] 항공권 상태 확인 시작...
[2026-05-06 15:00:25] 아직 예약 가능한 항공권이 없거나 조건에 부합하지 않습니다.
[2026-05-07 10:00:01] 항공권 상태 확인 시작...
[2026-05-07 10:00:42] 아직 예약 가능한 항공권이 없거나 조건에 부합하지 않습니다.
[2026-05-07 15:00:00] 항공권 상태 확인 시작...
[2026-05-07 15:01:03] 아직 예약 가능한 항공권이 없거나 조건에 부합하지 않습니다.
[2026-05-08 10:00:01] 항공권 상태 확인 시작...
[2026-05-08 10:01:07] 아직 예약 가능한 항공권이 없거나 조건에 부합하지 않습니다.
[2026-05-08 15:00:01] 항공권 상태 확인 시작...
[2026-05-08 15:01:06] 아직 예약 가능한 항공권이 없거나 조건에 부합하지 않습니다.
[2026-05-11 10:00:01] 항공권 상태 확인 시작...
[2026-05-11 10:01:10] 아직 예약 가능한 항공권이 없거나 조건에 부합하지 않습니다.
[2026-05-11 15:00:00] 항공권 상태 확인 시작...
[2026-05-11 15:00:32] 아직 예약 가능한 항공권이 없거나 조건에 부합하지 않습니다.
[2026-05-12 10:00:01] 항공권 상태 확인 시작...
[2026-05-12 10:01:11] 아직 예약 가능한 항공권이 없거나 조건에 부합하지 않습니다.
[2026-05-12 15:00:02] 항공권 상태 확인 시작...
[2026-05-12 15:01:08] 아직 예약 가능한 항공권이 없거나 조건에 부합하지 않습니다.
[2026-05-13 10:00:01] 항공권 상태 확인 시작...
[2026-05-13 10:01:07] 아직 예약 가능한 항공권이 없거나 조건에 부합하지 않습니다.
[2026-05-13 15:00:01] 항공권 상태 확인 시작...
[2026-05-13 15:01:02] 아직 예약 가능한 항공권이 없거나 조건에 부합하지 않습니다.
[2026-05-14 10:00:01] 항공권 상태 확인 시작...
[2026-05-14 10:01:08] 아직 예약 가능한 항공권이 없거나 조건에 부합하지 않습니다.
[2026-05-14 15:00:01] 항공권 상태 확인 시작...
[2026-05-14 15:01:03] 아직 예약 가능한 항공권이 없거나 조건에 부합하지 않습니다.
[2026-05-15 10:00:01] 항공권 상태 확인 시작...
[2026-05-15 10:00:28] 아직 예약 가능한 항공권이 없거나 조건에 부합하지 않습니다.
[2026-05-15 15:00:01] 항공권 상태 확인 시작...
[2026-05-15 15:01:06] 아직 예약 가능한 항공권이 없거나 조건에 부합하지 않습니다.
[2026-05-18 15:00:00] 항공권 상태 확인 시작...
[2026-05-18 15:00:27] 아직 예약 가능한 항공권이 없거나 조건에 부합하지 않습니다.
[2026-05-19 10:00:01] 항공권 상태 확인 시작...
[2026-05-19 10:00:35] 아직 예약 가능한 항공권이 없거나 조건에 부합하지 않습니다.
[2026-05-20 10:00:04] 항공권 상태 확인 시작...
[2026-05-20 10:00:51] 아직 예약 가능한 항공권이 없거나 조건에 부합하지 않습니다.
[2026-05-20 15:00:01] 항공권 상태 확인 시작...
[2026-05-20 15:00:24] 아직 예약 가능한 항공권이 없거나 조건에 부합하지 않습니다.
[2026-05-22 10:00:01] 항공권 상태 확인 시작...
[2026-05-22 10:00:24] 아직 예약 가능한 항공권이 없거나 조건에 부합하지 않습니다.
[2026-05-22 15:00:02] 항공권 상태 확인 시작...
[2026-05-22 15:00:26] 아직 예약 가능한 항공권이 없거나 조건에 부합하지 않습니다.
[2026-05-26 15:00:01] 항공권 감지 자동화가 사용자에 의해 임시 중단되었습니다. (다시 실행하려면 아래 check_flights() 주석을 해제하세요)
[2026-05-27 10:00:01] 항공권 감지 자동화가 사용자에 의해 임시 중단되었습니다. (다시 실행하려면 아래 check_flights() 주석을 해제하세요)
[2026-05-27 15:00:01] 항공권 감지 자동화가 사용자에 의해 임시 중단되었습니다. (다시 실행하려면 아래 check_flights() 주석을 해제하세요)
[2026-05-28 15:00:01] 항공권 감지 자동화가 사용자에 의해 임시 중단되었습니다. (다시 실행하려면 아래 check_flights() 주석을 해제하세요)
[2026-05-29 10:00:01] 항공권 감지 자동화가 사용자에 의해 임시 중단되었습니다. (다시 실행하려면 아래 check_flights() 주석을 해제하세요)
[2026-05-29 15:00:01] 항공권 감지 자동화가 사용자에 의해 임시 중단되었습니다. (다시 실행하려면 아래 check_flights() 주석을 해제하세요)
[2026-06-01 10:00:00] 항공권 감지 자동화가 사용자에 의해 임시 중단되었습니다. (다시 실행하려면 아래 check_flights() 주석을 해제하세요)
[2026-06-01 15:00:02] 항공권 감지 자동화가 사용자에 의해 임시 중단되었습니다. (다시 실행하려면 아래 check_flights() 주석을 해제하세요)
[2026-06-02 10:00:01] 항공권 감지 자동화가 사용자에 의해 임시 중단되었습니다. (다시 실행하려면 아래 check_flights() 주석을 해제하세요)
[2026-06-02 15:00:01] 항공권 감지 자동화가 사용자에 의해 임시 중단되었습니다. (다시 실행하려면 아래 check_flights() 주석을 해제하세요)
[2026-06-04 10:00:01] 항공권 감지 자동화가 사용자에 의해 임시 중단되었습니다. (다시 실행하려면 아래 check_flights() 주석을 해제하세요)
[2026-06-04 15:00:01] 항공권 감지 자동화가 사용자에 의해 임시 중단되었습니다. (다시 실행하려면 아래 check_flights() 주석을 해제하세요)
[2026-06-05 10:00:02] 항공권 감지 자동화가 사용자에 의해 임시 중단되었습니다. (다시 실행하려면 아래 check_flights() 주석을 해제하세요)
[2026-06-05 15:00:01] 항공권 감지 자동화가 사용자에 의해 임시 중단되었습니다. (다시 실행하려면 아래 check_flights() 주석을 해제하세요)
[2026-06-08 10:00:01] 항공권 감지 자동화가 사용자에 의해 임시 중단되었습니다. (다시 실행하려면 아래 check_flights() 주석을 해제하세요)
[2026-06-08 15:00:01] 항공권 감지 자동화가 사용자에 의해 임시 중단되었습니다. (다시 실행하려면 아래 check_flights() 주석을 해제하세요)
[2026-06-09 10:00:01] 항공권 감지 자동화가 사용자에 의해 임시 중단되었습니다. (다시 실행하려면 아래 check_flights() 주석을 해제하세요)
[2026-06-09 15:00:01] 항공권 감지 자동화가 사용자에 의해 임시 중단되었습니다. (다시 실행하려면 아래 check_flights() 주석을 해제하세요)
[2026-06-10 10:00:01] 항공권 감지 자동화가 사용자에 의해 임시 중단되었습니다. (다시 실행하려면 아래 check_flights() 주석을 해제하세요)
[2026-06-10 15:00:01] 항공권 감지 자동화가 사용자에 의해 임시 중단되었습니다. (다시 실행하려면 아래 check_flights() 주석을 해제하세요)
[2026-06-11 10:00:01] 항공권 감지 자동화가 사용자에 의해 임시 중단되었습니다. (다시 실행하려면 아래 check_flights() 주석을 해제하세요)
[2026-06-11 15:00:01] 항공권 감지 자동화가 사용자에 의해 임시 중단되었습니다. (다시 실행하려면 아래 check_flights() 주석을 해제하세요)
[2026-06-12 10:00:01] 항공권 감지 자동화가 사용자에 의해 임시 중단되었습니다. (다시 실행하려면 아래 check_flights() 주석을 해제하세요)
[2026-06-12 15:00:01] 항공권 감지 자동화가 사용자에 의해 임시 중단되었습니다. (다시 실행하려면 아래 check_flights() 주석을 해제하세요)
[2026-06-15 10:00:00] 항공권 감지 자동화가 사용자에 의해 임시 중단되었습니다. (다시 실행하려면 아래 check_flights() 주석을 해제하세요)
[2026-06-15 15:00:00] 항공권 감지 자동화가 사용자에 의해 임시 중단되었습니다. (다시 실행하려면 아래 check_flights() 주석을 해제하세요)
[2026-06-16 10:00:01] 항공권 감지 자동화가 사용자에 의해 임시 중단되었습니다. (다시 실행하려면 아래 check_flights() 주석을 해제하세요)
[2026-06-16 15:00:01] 항공권 감지 자동화가 사용자에 의해 임시 중단되었습니다. (다시 실행하려면 아래 check_flights() 주석을 해제하세요)
[2026-06-17 10:00:01] 항공권 감지 자동화가 사용자에 의해 임시 중단되었습니다. (다시 실행하려면 아래 check_flights() 주석을 해제하세요)
[2026-06-17 15:00:01] 항공권 감지 자동화가 사용자에 의해 임시 중단되었습니다. (다시 실행하려면 아래 check_flights() 주석을 해제하세요)
[2026-06-18 10:00:00] 항공권 감지 자동화가 사용자에 의해 임시 중단되었습니다. (다시 실행하려면 아래 check_flights() 주석을 해제하세요)
[2026-06-18 15:00:00] 항공권 감지 자동화가 사용자에 의해 임시 중단되었습니다. (다시 실행하려면 아래 check_flights() 주석을 해제하세요)
[2026-06-19 10:00:01] 항공권 감지 자동화가 사용자에 의해 임시 중단되었습니다. (다시 실행하려면 아래 check_flights() 주석을 해제하세요)
[2026-06-19 15:00:01] 항공권 감지 자동화가 사용자에 의해 임시 중단되었습니다. (다시 실행하려면 아래 check_flights() 주석을 해제하세요)
[2026-06-22 10:00:01] 항공권 감지 자동화가 사용자에 의해 임시 중단되었습니다. (다시 실행하려면 아래 check_flights() 주석을 해제하세요)
[2026-06-22 15:00:01] 항공권 감지 자동화가 사용자에 의해 임시 중단되었습니다. (다시 실행하려면 아래 check_flights() 주석을 해제하세요)
[2026-06-23 10:00:00] 항공권 감지 자동화가 사용자에 의해 임시 중단되었습니다. (다시 실행하려면 아래 check_flights() 주석을 해제하세요)
[2026-06-23 15:00:00] 항공권 감지 자동화가 사용자에 의해 임시 중단되었습니다. (다시 실행하려면 아래 check_flights() 주석을 해제하세요)
[2026-06-24 10:00:02] 항공권 감지 자동화가 사용자에 의해 임시 중단되었습니다. (다시 실행하려면 아래 check_flights() 주석을 해제하세요)
[2026-06-24 15:00:00] 항공권 감지 자동화가 사용자에 의해 임시 중단되었습니다. (다시 실행하려면 아래 check_flights() 주석을 해제하세요)
[2026-06-25 10:00:00] 항공권 감지 자동화가 사용자에 의해 임시 중단되었습니다. (다시 실행하려면 아래 check_flights() 주석을 해제하세요)
[2026-06-25 15:00:00] 항공권 감지 자동화가 사용자에 의해 임시 중단되었습니다. (다시 실행하려면 아래 check_flights() 주석을 해제하세요)
[2026-06-26 10:00:00] 항공권 감지 자동화가 사용자에 의해 임시 중단되었습니다. (다시 실행하려면 아래 check_flights() 주석을 해제하세요)
[2026-06-26 15:00:00] 항공권 감지 자동화가 사용자에 의해 임시 중단되었습니다. (다시 실행하려면 아래 check_flights() 주석을 해제하세요)
[2026-06-29 10:00:00] 항공권 감지 자동화가 사용자에 의해 임시 중단되었습니다. (다시 실행하려면 아래 check_flights() 주석을 해제하세요)
[2026-06-29 15:00:00] 항공권 감지 자동화가 사용자에 의해 임시 중단되었습니다. (다시 실행하려면 아래 check_flights() 주석을 해제하세요)
[2026-06-30 10:00:01] 항공권 감지 자동화가 사용자에 의해 임시 중단되었습니다. (다시 실행하려면 아래 check_flights() 주석을 해제하세요)
[2026-07-01 10:00:02] 항공권 감지 자동화가 사용자에 의해 임시 중단되었습니다. (다시 실행하려면 아래 check_flights() 주석을 해제하세요)
[2026-07-01 15:00:01] 항공권 감지 자동화가 사용자에 의해 임시 중단되었습니다. (다시 실행하려면 아래 check_flights() 주석을 해제하세요)
[2026-07-02 10:00:01] 항공권 감지 자동화가 사용자에 의해 임시 중단되었습니다. (다시 실행하려면 아래 check_flights() 주석을 해제하세요)
[2026-07-02 15:00:01] 항공권 감지 자동화가 사용자에 의해 임시 중단되었습니다. (다시 실행하려면 아래 check_flights() 주석을 해제하세요)
[2026-07-03 10:00:01] 항공권 감지 자동화가 사용자에 의해 임시 중단되었습니다. (다시 실행하려면 아래 check_flights() 주석을 해제하세요)
[2026-07-03 15:00:01] 항공권 감지 자동화가 사용자에 의해 임시 중단되었습니다. (다시 실행하려면 아래 check_flights() 주석을 해제하세요)
[2026-07-06 10:00:01] 항공권 감지 자동화가 사용자에 의해 임시 중단되었습니다. (다시 실행하려면 아래 check_flights() 주석을 해제하세요)
[2026-07-06 15:00:00] 항공권 감지 자동화가 사용자에 의해 임시 중단되었습니다. (다시 실행하려면 아래 check_flights() 주석을 해제하세요)
[2026-07-07 10:00:00] 항공권 감지 자동화가 사용자에 의해 임시 중단되었습니다. (다시 실행하려면 아래 check_flights() 주석을 해제하세요)
[2026-07-07 15:00:00] 항공권 감지 자동화가 사용자에 의해 임시 중단되었습니다. (다시 실행하려면 아래 check_flights() 주석을 해제하세요)
[2026-07-08 10:00:01] 항공권 감지 자동화가 사용자에 의해 임시 중단되었습니다. (다시 실행하려면 아래 check_flights() 주석을 해제하세요)
[2026-07-08 15:00:01] 항공권 감지 자동화가 사용자에 의해 임시 중단되었습니다. (다시 실행하려면 아래 check_flights() 주석을 해제하세요)
[2026-07-09 10:00:01] 항공권 감지 자동화가 사용자에 의해 임시 중단되었습니다. (다시 실행하려면 아래 check_flights() 주석을 해제하세요)
[2026-07-09 15:00:01] 항공권 감지 자동화가 사용자에 의해 임시 중단되었습니다. (다시 실행하려면 아래 check_flights() 주석을 해제하세요)
[2026-07-10 10:00:01] 항공권 감지 자동화가 사용자에 의해 임시 중단되었습니다. (다시 실행하려면 아래 check_flights() 주석을 해제하세요)
[2026-07-10 15:00:01] 항공권 감지 자동화가 사용자에 의해 임시 중단되었습니다. (다시 실행하려면 아래 check_flights() 주석을 해제하세요)
[2026-07-13 10:00:01] 항공권 감지 자동화가 사용자에 의해 임시 중단되었습니다. (다시 실행하려면 아래 check_flights() 주석을 해제하세요)
[2026-07-13 15:00:01] 항공권 감지 자동화가 사용자에 의해 임시 중단되었습니다. (다시 실행하려면 아래 check_flights() 주석을 해제하세요)
[2026-07-14 10:00:01] 항공권 감지 자동화가 사용자에 의해 임시 중단되었습니다. (다시 실행하려면 아래 check_flights() 주석을 해제하세요)
[2026-07-14 15:00:01] 항공권 감지 자동화가 사용자에 의해 임시 중단되었습니다. (다시 실행하려면 아래 check_flights() 주석을 해제하세요)
